[2025-11-18T05:01:12.751+0000] {logging_mixin.py:188} INFO - Changing /opt/***/logs/dag_id=master_tiki_lazada_pipeline/run_id=scheduled__2025-11-17T00:00:00+00:00/task_id=create_master_table permission to 509
[2025-11-18T05:01:12.787+0000] {logging_mixin.py:188} INFO - Changing /opt/***/logs/dag_id=master_tiki_lazada_pipeline/run_id=scheduled__2025-11-17T00:00:00+00:00/task_id=create_master_table permission to 509
[2025-11-18T05:01:12.820+0000] {taskinstance.py:1956} INFO - Dependencies all met for dep_context=non-requeueable deps ti=<TaskInstance: master_tiki_lazada_pipeline.create_master_table scheduled__2025-11-17T00:00:00+00:00 [queued]>
[2025-11-18T05:01:12.827+0000] {taskinstance.py:1956} INFO - Dependencies all met for dep_context=requeueable deps ti=<TaskInstance: master_tiki_lazada_pipeline.create_master_table scheduled__2025-11-17T00:00:00+00:00 [queued]>
[2025-11-18T05:01:12.828+0000] {taskinstance.py:2170} INFO - Starting attempt 2 of 2
[2025-11-18T05:01:12.837+0000] {taskinstance.py:2191} INFO - Executing <Task(PostgresOperator): create_master_table> on 2025-11-17 00:00:00+00:00
[2025-11-18T05:01:12.841+0000] {standard_task_runner.py:60} INFO - Started process 92 to run task
[2025-11-18T05:01:12.844+0000] {standard_task_runner.py:87} INFO - Running: ['***', 'tasks', 'run', 'master_tiki_lazada_pipeline', 'create_master_table', 'scheduled__2025-11-17T00:00:00+00:00', '--job-id', '5', '--raw', '--subdir', 'DAGS_FOLDER/master_pipeline.py', '--cfg-path', '/tmp/tmpvvzcfcn2']
[2025-11-18T05:01:12.845+0000] {standard_task_runner.py:88} INFO - Job 5: Subtask create_master_table
[2025-11-18T05:01:12.884+0000] {logging_mixin.py:188} INFO - Changing /opt/***/logs/dag_id=master_tiki_lazada_pipeline/run_id=scheduled__2025-11-17T00:00:00+00:00/task_id=create_master_table permission to 509
[2025-11-18T05:01:12.899+0000] {task_command.py:423} INFO - Running <TaskInstance: master_tiki_lazada_pipeline.create_master_table scheduled__2025-11-17T00:00:00+00:00 [running]> on host b080b1d2b734
[2025-11-18T05:01:12.958+0000] {taskinstance.py:2480} INFO - Exporting env vars: AIRFLOW_CTX_DAG_OWNER='data_team' AIRFLOW_CTX_DAG_ID='master_tiki_lazada_pipeline' AIRFLOW_CTX_TASK_ID='create_master_table' AIRFLOW_CTX_EXECUTION_DATE='2025-11-17T00:00:00+00:00' AIRFLOW_CTX_TRY_NUMBER='2' AIRFLOW_CTX_DAG_RUN_ID='scheduled__2025-11-17T00:00:00+00:00'
[2025-11-18T05:01:12.959+0000] {sql.py:276} INFO - Executing: 
        CREATE TABLE IF NOT EXISTS all_products (
            id SERIAL PRIMARY KEY,
            name TEXT NOT NULL,
            price INT,
            sold_count INT DEFAULT 0,
            brand TEXT,
            category TEXT,
            source TEXT, 
            crawled_at TIMESTAMP DEFAULT CURRENT_TIMESTAMP,
            UNIQUE(name, source) 
        );
        
        -- Lưu ảnh chụp giá theo ngày để so sánh trend
        CREATE TABLE IF NOT EXISTS price_history (
            id SERIAL PRIMARY KEY,
            name TEXT NOT NULL,
            source TEXT NOT NULL,
            price INT,
            sold_count INT DEFAULT 0,
            crawl_date DATE DEFAULT CURRENT_DATE,
            created_at TIMESTAMP DEFAULT CURRENT_TIMESTAMP,
            UNIQUE(name, source, crawl_date)
        );
        
[2025-11-18T05:01:12.973+0000] {taskinstance.py:2698} ERROR - Task failed with exception
Traceback (most recent call last):
  File "/home/airflow/.local/lib/python3.8/site-packages/airflow/models/taskinstance.py", line 433, in _execute_task
    result = execute_callable(context=context, **execute_callable_kwargs)
  File "/home/airflow/.local/lib/python3.8/site-packages/airflow/providers/common/sql/operators/sql.py", line 277, in execute
    hook = self.get_db_hook()
  File "/home/airflow/.local/lib/python3.8/site-packages/airflow/providers/common/sql/operators/sql.py", line 188, in get_db_hook
    return self._hook
  File "/usr/local/lib/python3.8/functools.py", line 967, in __get__
    val = self.func(instance)
  File "/home/airflow/.local/lib/python3.8/site-packages/airflow/providers/common/sql/operators/sql.py", line 150, in _hook
    conn = BaseHook.get_connection(conn_id)
  File "/home/airflow/.local/lib/python3.8/site-packages/airflow/hooks/base.py", line 82, in get_connection
    conn = Connection.get_connection_from_secrets(conn_id)
  File "/home/airflow/.local/lib/python3.8/site-packages/airflow/models/connection.py", line 479, in get_connection_from_secrets
    raise AirflowNotFoundException(f"The conn_id `{conn_id}` isn't defined")
airflow.exceptions.AirflowNotFoundException: The conn_id `postgres_data_conn` isn't defined
[2025-11-18T05:01:12.976+0000] {taskinstance.py:1138} INFO - Marking task as FAILED. dag_id=master_tiki_lazada_pipeline, task_id=create_master_table, execution_date=20251117T000000, start_date=20251118T050112, end_date=20251118T050112
[2025-11-18T05:01:12.981+0000] {taskinstance.py:1116} ERROR - Error when executing on_failure_callback callback
Traceback (most recent call last):
  File "/home/airflow/.local/lib/python3.8/site-packages/airflow/models/taskinstance.py", line 2334, in _run_raw_task
    self._execute_task_with_callbacks(context, test_mode, session=session)
  File "/home/airflow/.local/lib/python3.8/site-packages/airflow/models/taskinstance.py", line 2499, in _execute_task_with_callbacks
    result = self._execute_task(context, task_orig)
  File "/home/airflow/.local/lib/python3.8/site-packages/airflow/models/taskinstance.py", line 2516, in _execute_task
    return _execute_task(self, context, task_orig)
  File "/home/airflow/.local/lib/python3.8/site-packages/airflow/models/taskinstance.py", line 433, in _execute_task
    result = execute_callable(context=context, **execute_callable_kwargs)
  File "/home/airflow/.local/lib/python3.8/site-packages/airflow/providers/common/sql/operators/sql.py", line 277, in execute
    hook = self.get_db_hook()
  File "/home/airflow/.local/lib/python3.8/site-packages/airflow/providers/common/sql/operators/sql.py", line 188, in get_db_hook
    return self._hook
  File "/usr/local/lib/python3.8/functools.py", line 967, in __get__
    val = self.func(instance)
  File "/home/airflow/.local/lib/python3.8/site-packages/airflow/providers/common/sql/operators/sql.py", line 150, in _hook
    conn = BaseHook.get_connection(conn_id)
  File "/home/airflow/.local/lib/python3.8/site-packages/airflow/hooks/base.py", line 82, in get_connection
    conn = Connection.get_connection_from_secrets(conn_id)
  File "/home/airflow/.local/lib/python3.8/site-packages/airflow/models/connection.py", line 479, in get_connection_from_secrets
    raise AirflowNotFoundException(f"The conn_id `{conn_id}` isn't defined")
airflow.exceptions.AirflowNotFoundException: The conn_id `postgres_data_conn` isn't defined

During handling of the above exception, another exception occurred:

Traceback (most recent call last):
  File "/home/airflow/.local/lib/python3.8/site-packages/airflow/models/taskinstance.py", line 1113, in _run_finished_callback
    callback(context)
  File "/opt/airflow/dags/master_pipeline.py", line 36, in on_failure_callback
    slack_op.execute(context=context)
  File "/home/airflow/.local/lib/python3.8/site-packages/airflow/providers/slack/operators/slack_webhook.py", line 112, in execute
    self.hook.send(
  File "/home/airflow/.local/lib/python3.8/site-packages/airflow/providers/slack/hooks/slack_webhook.py", line 249, in send
    return self.send_dict(body=body, headers=headers)
  File "/home/airflow/.local/lib/python3.8/site-packages/airflow/providers/slack/hooks/slack_webhook.py", line 42, in wrapper
    resp = func(*args, **kwargs)
  File "/home/airflow/.local/lib/python3.8/site-packages/airflow/providers/slack/hooks/slack_webhook.py", line 206, in send_dict
    return self.client.send_dict(body, headers=headers)
  File "/usr/local/lib/python3.8/functools.py", line 967, in __get__
    val = self.func(instance)
  File "/home/airflow/.local/lib/python3.8/site-packages/airflow/providers/slack/hooks/slack_webhook.py", line 134, in client
    return WebhookClient(**self._get_conn_params())
  File "/home/airflow/.local/lib/python3.8/site-packages/airflow/providers/slack/hooks/slack_webhook.py", line 142, in _get_conn_params
    conn = self.get_connection(self.slack_webhook_conn_id)
  File "/home/airflow/.local/lib/python3.8/site-packages/airflow/hooks/base.py", line 82, in get_connection
    conn = Connection.get_connection_from_secrets(conn_id)
  File "/home/airflow/.local/lib/python3.8/site-packages/airflow/models/connection.py", line 479, in get_connection_from_secrets
    raise AirflowNotFoundException(f"The conn_id `{conn_id}` isn't defined")
airflow.exceptions.AirflowNotFoundException: The conn_id `slack_webhook_conn` isn't defined
[2025-11-18T05:01:12.997+0000] {standard_task_runner.py:107} ERROR - Failed to execute job 5 for task create_master_table (The conn_id `postgres_data_conn` isn't defined; 92)
[2025-11-18T05:01:13.017+0000] {local_task_job_runner.py:234} INFO - Task exited with return code 1
[2025-11-18T05:01:13.035+0000] {taskinstance.py:3280} INFO - 0 downstream tasks scheduled from follow-on schedule check
